<?xml version="1.0" encoding="UTF-8"?>
<!-- Generated by org.testng.reporters.JUnitReportReporter -->
<testsuite hostname="lin800021951" failures="0" tests="1" name="com.TestComponents.EndTOEndFlowReduce2" time="32.454" errors="0" timestamp="2023-01-07T21:51:00 IST" skipped="0">
  <testcase classname="com.TestComponents.EndTOEndFlowReduce2" name="submitOrder" time="32.454"/>
  <system-out/>
</testsuite> <!-- com.TestComponents.EndTOEndFlowReduce2 -->
